生成启动时间为 2018/11/28 13:54:04。
     1>项目“F:\比特\比特作业\模拟string函数\Project1\Project1.vcxproj”在节点 2 上(Build 个目标)。
     1>C:\Program Files (x86)\MSBuild\Microsoft.Cpp\v4.0\V120\Microsoft.CppBuild.targets(381,5): warning MSB8028: The intermediate directory (Debug\) contains files shared from another project (Project1.vcxproj).  This can lead to incorrect clean and rebuild behavior.
     1>ClCompile:
         F:\bit\新建文件夹 (2)\VC\bin\CL.exe /c /ZI /nologo /W3 /WX- /sdl /Od /Oy- /D _MBCS /Gm /EHsc /RTC1 /MDd /GS /fp:precise /Zc:wchar_t /Zc:forScope /Fo"Debug\\" /Fd"Debug\vc120.pdb" /Gd /TC /analyze- /errorReport:prompt "模拟strncmp.c"
         模拟strncmp.c
       Link:
         F:\bit\新建文件夹 (2)\VC\bin\link.exe /ERRORREPORT:PROMPT /OUT:"F:\比特\比特作业\模拟string函数\Debug\模拟string函数.exe" /INCREMENTAL /NOLOGO kernel32.lib user32.lib gdi32.lib winspool.lib comdlg32.lib advapi32.lib shell32.lib ole32.lib oleaut32.lib uuid.lib odbc32.lib odbccp32.lib /MANIFEST /MANIFESTUAC:"level='asInvoker' uiAccess='false'" /manifest:embed /DEBUG /PDB:"F:\比特\比特作业\模拟string函数\Debug\模拟string函数.pdb" /TLBID:1 /DYNAMICBASE /NXCOMPAT /IMPLIB:"F:\比特\比特作业\模拟string函数\Debug\模拟string函数.lib" /MACHINE:X86 "Debug\模拟strcat.obj"
         "Debug\模拟strcpy.obj"
         "Debug\模拟memmove.obj"
         "Debug\模拟memcpy.obj"
         "Debug\模拟strcmp.obj"
         "Debug\模拟strlen.obj"
         "Debug\模拟strncat.obj"
         "Debug\模拟strncmp.obj"
         "Debug\模拟strncpy.obj"
         "Debug\模拟strstr.obj"
         Project1.vcxproj -> F:\比特\比特作业\模拟string函数\Debug\模拟string函数.exe
     1>已完成生成项目“F:\比特\比特作业\模拟string函数\Project1\Project1.vcxproj”(Build 个目标)的操作。

生成成功。

已用时间 00:00:00.44
